\BOOKMARK [1][-]{section.1}{Introduction}{}% 1
\BOOKMARK [1][-]{section.2}{Literature Review}{}% 2
\BOOKMARK [2][-]{subsection.2.1}{Non-Pruning Based Generalization \046 Compression Techniques}{section.2}% 3
\BOOKMARK [2][-]{subsection.2.2}{Pruning Techniques}{section.2}% 4
\BOOKMARK [1][-]{section.3}{Pruning Neurons to Shrink Neural Networks}{}% 5
\BOOKMARK [2][-]{subsection.3.1}{Brute Force Removal Approach}{section.3}% 6
\BOOKMARK [2][-]{subsection.3.2}{Taylor Series Representation of Error}{section.3}% 7
\BOOKMARK [3][-]{subsubsection.3.2.1}{Linear Approximation Approach}{subsection.3.2}% 8
\BOOKMARK [3][-]{subsubsection.3.2.2}{Quadratic Approximation Approach}{subsection.3.2}% 9
\BOOKMARK [2][-]{subsection.3.3}{Proposed Pruning Algorithm}{section.3}% 10
\BOOKMARK [3][-]{subsubsection.3.3.1}{Algorithm I: Single Overall Ranking}{subsection.3.3}% 11
\BOOKMARK [3][-]{subsubsection.3.3.2}{Algorithm II: Iterative Re-Ranking}{subsection.3.3}% 12
\BOOKMARK [1][-]{section.4}{Experimental Results}{}% 13
\BOOKMARK [2][-]{subsection.4.1}{Example Regression Problem}{section.4}% 14
\BOOKMARK [2][-]{subsection.4.2}{Results on MNIST Dataset}{section.4}% 15
\BOOKMARK [2][-]{subsection.4.3}{Pruning a 1-Layer Network}{section.4}% 16
\BOOKMARK [3][-]{subsubsection.4.3.1}{Single Overall Ranking Algorithm}{subsection.4.3}% 17
\BOOKMARK [3][-]{subsubsection.4.3.2}{Iterative Re-Ranking Algorithm}{subsection.4.3}% 18
\BOOKMARK [3][-]{subsubsection.4.3.3}{Visualization of Error Surface \046 Pruning Decisions}{subsection.4.3}% 19
\BOOKMARK [3][-]{subsubsection.4.3.4}{Visualization of brute force Pruning Decisions}{subsection.4.3}% 20
\BOOKMARK [3][-]{subsubsection.4.3.5}{Visualization of 1st Order Approximation Pruning Decisions}{subsection.4.3}% 21
\BOOKMARK [3][-]{subsubsection.4.3.6}{Visualization of 2nd Order Approximation Pruning Decisions}{subsection.4.3}% 22
\BOOKMARK [2][-]{subsection.4.4}{Pruning A 2-Layer Network}{section.4}% 23
\BOOKMARK [3][-]{subsubsection.4.4.1}{Single Overall Ranking Algorithm}{subsection.4.4}% 24
\BOOKMARK [3][-]{subsubsection.4.4.2}{iterative re-ranking Algorithm}{subsection.4.4}% 25
\BOOKMARK [3][-]{subsubsection.4.4.3}{Visualization of Error Surface \046 Pruning Decisions}{subsection.4.4}% 26
\BOOKMARK [3][-]{subsubsection.4.4.4}{Visualization of brute force Pruning Decisions}{subsection.4.4}% 27
\BOOKMARK [3][-]{subsubsection.4.4.5}{Visualization of 1st Order Approximation Pruning Decisions}{subsection.4.4}% 28
\BOOKMARK [3][-]{subsubsection.4.4.6}{Visualization of 2nd Order Approximation Pruning Decisions}{subsection.4.4}% 29
\BOOKMARK [2][-]{subsection.4.5}{Investigation of Pruning Performance With Imperfect Starting Conditions}{section.4}% 30
\BOOKMARK [3][-]{subsubsection.4.5.1}{MNIST Single Digit Classification: Digit 0}{subsection.4.5}% 31
\BOOKMARK [3][-]{subsubsection.4.5.2}{MNIST Single Digit Classification: Digit 1}{subsection.4.5}% 32
\BOOKMARK [3][-]{subsubsection.4.5.3}{MNIST Single Digit Classification: Digit 2}{subsection.4.5}% 33
\BOOKMARK [3][-]{subsubsection.4.5.4}{Aside: Implications of This Experiment}{subsection.4.5}% 34
\BOOKMARK [2][-]{subsection.4.6}{Experiments on Toy Datasets}{section.4}% 35
\BOOKMARK [1][-]{section.5}{Conclusions \046 Future Work}{}% 36
\BOOKMARK [1][-]{appendix.A}{Second Derivative Back-Propagation}{}% 37
\BOOKMARK [2][-]{subsection.A.1}{First and Second Derivatives}{appendix.A}% 38
\BOOKMARK [3][-]{subsubsection.A.1.1}{Summary Of Output Layer Derivatives}{subsection.A.1}% 39
\BOOKMARK [3][-]{subsubsection.A.1.2}{Hidden Layer Derivatives}{subsection.A.1}% 40
\BOOKMARK [3][-]{subsubsection.A.1.3}{Summary Of Hidden Layer Derivatives}{subsection.A.1}% 41
